<?xml version="1.0" encoding="UTF-8"?>
<!-- Generated by org.testng.reporters.JUnitXMLReporter -->
<testsuite ignored="0" hostname="LIN51013488" failures="0" tests="3" name="Default test" time="11.521" errors="0" timestamp="2024-10-08T15:40:27 IST">
  <testcase classname="api.TestCases.UserTestDataDriven" name="createUserTest" time="4.958"/>
  <testcase classname="api.TestCases.UserTestDataDriven" name="createUserTest" time="1.324"/>
  <testcase classname="api.TestCases.UserTestDataDriven" name="createUserTest" time="1.435"/>
</testsuite> <!-- Default test -->
