<?xml version="1.0" encoding="UTF-8"?>
<!-- Generated by org.testng.reporters.JUnitXMLReporter -->
<testsuite ignored="0" hostname="LIN51013488" failures="1" tests="10" name="usertest" time="22.843" errors="0" timestamp="2024-07-08T23:24:39 IST">
  <testcase classname="api.TestCases.UserTestDataDriven" name="createUserTest" time="5.148"/>
  <testcase classname="api.TestCases.UserTestDataDriven" name="createUserTest" time="2.069"/>
  <testcase classname="api.TestCases.UserTestDataDriven" name="createUserTest" time="1.63"/>
  <testcase classname="api.TestCases.UserTestDataDriven" name="deleteUserTest" time="1.6"/>
  <testcase classname="api.TestCases.UserTestDataDriven" name="deleteUserTest" time="1.532"/>
  <testcase classname="api.TestCases.UserTestDataDriven" name="deleteUserTest" time="1.537"/>
  <testcase classname="api.TestCases.UserTests" name="createUserTest" time="1.595"/>
  <testcase classname="api.TestCases.UserTests" name="getUserTest" time="1.538"/>
  <testcase classname="api.TestCases.UserTests" name="updateUserTest" time="1.444">
    <failure type="java.lang.AssertionError" message="expected [200] but found [405]">
      <![CDATA[java.lang.AssertionError: expected [200] but found [405]
at api.TestCases.UserTests.updateUserTest(UserTests.java:71)
at java.base/java.util.ArrayList.forEach(ArrayList.java:1511)
... Removed 38 stack frames]]>
    </failure>
  </testcase> <!-- updateUserTest -->
  <testcase classname="api.TestCases.UserTests" name="deleteUserTest" time="1.15"/>
</testsuite> <!-- usertest -->
